[2023-06-12 09:03:19] POST /sura-ent/sura-new-002.git/info/lfs/locks/verify - 200
[2023-06-12 09:03:20] POST /sura-ent/sura-new-002.git/info/lfs/objects/batch - 200
[2023-06-12 09:03:22] PUT /sura-ent/sura-new-002/lfs/objects/10673947/eea08208166551bad35d5a823f3e4a2acccff4cc19b1a8154ae1614bbad58ffa - 200
[2023-06-12 09:04:23] POST /sura-ent/sura-new-002.git/info/lfs/locks/verify - 200
[2023-06-12 09:04:47] POST /sura-ent/sura-new-002.git/info/lfs/locks/verify - 200
[2023-06-12 09:04:47] POST /sura-ent/sura-new-002.git/info/lfs/objects/batch - 200
[2023-06-12 09:04:49] PUT /sura-ent/sura-new-002/lfs/objects/10673947/aed909778a70d23318fe08e6a2fa35eb85ff4d81cdbc19fdca4414a14e58313b - 200
[2023-06-12 09:07:37] POST /testent001/wei-demo-005.git/info/lfs/locks/verify - 401
[2023-06-12 09:07:42] POST /testent001/wei-demo-005.git/info/lfs/locks/verify - 200
[2023-06-12 09:07:42] POST /testent001/wei-demo-005.git/info/lfs/objects/batch - 200
[2023-06-12 09:07:42] PUT /testent001/wei-demo-005/lfs/objects/10673945/1fc917c7ad66487470e466c0ad40ddd45b9f7730a4b43e1b2542627f0596bbdc - 200
[2023-06-12 09:35:32] GET /api/lfs/storage/projects/10673945/objects?Expires=1686563731&Signature=wVuX0udCEjvYoGpcm8jURzX8h9Cw4M4LxQ9PfSN2t50%3D - 200
[2023-06-12 09:36:10] HEAD /api/lfs/storage/projects/10673945/181210f8f9c779c26da1d9b2075bde0127302ee0e3fca38c9a83f5b1dd8e5d3b?Expires=1686563770&Signature=IOhmhOEeokn6aoDTO5Ctztq2QAwBTR%2Fzoi0dyIW1nEQ%3D - 200
[2023-06-12 09:36:10] HEAD /api/lfs/storage/projects/10673945/181210f8f9c779c26da1d9b2075bde0127302ee0e3fca38c9a83f5b1dd8e5d3b?Expires=1686563770&Signature=IOhmhOEeokn6aoDTO5Ctztq2QAwBTR%2Fzoi0dyIW1nEQ%3D - 200
[2023-06-12 09:36:10] HEAD /api/lfs/storage/projects/10673945/181210f8f9c779c26da1d9b2075bde0127302ee0e3fca38c9a83f5b1dd8e5d3b?Expires=1686563770&Signature=IOhmhOEeokn6aoDTO5Ctztq2QAwBTR%2Fzoi0dyIW1nEQ%3D - 200
[2023-06-12 09:36:24] HEAD /api/lfs/storage/projects/10673945/181210f8f9c779c26da1d9b2075bde0127302ee0e3fca38c9a83f5b1dd8e5d3b?Expires=1686563784&Signature=PANkimUoLSQ%2Bn%2FgKWJRulOUCbPQXL7RtEQdlKxTcFpo%3D - 200
[2023-06-12 09:36:24] HEAD /api/lfs/storage/projects/10673945/181210f8f9c779c26da1d9b2075bde0127302ee0e3fca38c9a83f5b1dd8e5d3b?Expires=1686563784&Signature=PANkimUoLSQ%2Bn%2FgKWJRulOUCbPQXL7RtEQdlKxTcFpo%3D - 200
[2023-06-12 09:36:24] HEAD /api/lfs/storage/projects/10673945/181210f8f9c779c26da1d9b2075bde0127302ee0e3fca38c9a83f5b1dd8e5d3b?Expires=1686563784&Signature=PANkimUoLSQ%2Bn%2FgKWJRulOUCbPQXL7RtEQdlKxTcFpo%3D - 200
[2023-06-12 09:36:28] HEAD /api/lfs/storage/projects/10673945/181210f8f9c779c26da1d9b2075bde0127302ee0e3fca38c9a83f5b1dd8e5d3b?Expires=1686563788&Signature=UHMxgorvegg8TfwBGuBhRrmLiToxsZBB3c8TdvuXKl0%3D - 200
[2023-06-12 09:36:34] HEAD /api/lfs/storage/projects/10673945/181210f8f9c779c26da1d9b2075bde0127302ee0e3fca38c9a83f5b1dd8e5d3b?Expires=1686563794&Signature=dlEZWLcQ%2FwJ8Uu8I0hKzSBNxMH%2B2exU2KVJz01lZghA%3D - 200
[2023-06-12 09:38:04] HEAD /api/lfs/storage/projects/10673945/181210f8f9c779c26da1d9b2075bde0127302ee0e3fca38c9a83f5b1dd8e5d3b?Expires=1686563884&Signature=EBwgkp%2FSZPFTIUkvBJ0D8rdfsouf8OeQ3LdSI6acOdI%3D - 200
[2023-06-12 09:38:04] HEAD /api/lfs/storage/projects/10673945/181210f8f9c779c26da1d9b2075bde0127302ee0e3fca38c9a83f5b1dd8e5d3b?Expires=1686563884&Signature=EBwgkp%2FSZPFTIUkvBJ0D8rdfsouf8OeQ3LdSI6acOdI%3D - 200
[2023-06-12 09:38:04] HEAD /api/lfs/storage/projects/10673945/181210f8f9c779c26da1d9b2075bde0127302ee0e3fca38c9a83f5b1dd8e5d3b?Expires=1686563884&Signature=EBwgkp%2FSZPFTIUkvBJ0D8rdfsouf8OeQ3LdSI6acOdI%3D - 200
[2023-06-12 09:38:10] HEAD /api/lfs/storage/projects/10673945/181210f8f9c779c26da1d9b2075bde0127302ee0e3fca38c9a83f5b1dd8e5d3b?Expires=1686563890&Signature=mCKnBbIIGX4sc99ofBSQbSpeyQBWbO6uXLAuHNxqqJA%3D - 200
[2023-06-12 09:38:10] HEAD /api/lfs/storage/projects/10673945/181210f8f9c779c26da1d9b2075bde0127302ee0e3fca38c9a83f5b1dd8e5d3b?Expires=1686563890&Signature=mCKnBbIIGX4sc99ofBSQbSpeyQBWbO6uXLAuHNxqqJA%3D - 200
[2023-06-12 09:38:11] HEAD /api/lfs/storage/projects/10673945/181210f8f9c779c26da1d9b2075bde0127302ee0e3fca38c9a83f5b1dd8e5d3b?Expires=1686563890&Signature=mCKnBbIIGX4sc99ofBSQbSpeyQBWbO6uXLAuHNxqqJA%3D - 200
[2023-06-12 09:38:24] HEAD /api/lfs/storage/projects/10673945/181210f8f9c779c26da1d9b2075bde0127302ee0e3fca38c9a83f5b1dd8e5d3b?Expires=1686563904&Signature=TemTRFPTo8FLWGuz3BfySVLF%2B3K9RLYZ7ScArjKpqJA%3D - 200
[2023-06-12 09:38:24] HEAD /api/lfs/storage/projects/10673945/181210f8f9c779c26da1d9b2075bde0127302ee0e3fca38c9a83f5b1dd8e5d3b?Expires=1686563904&Signature=TemTRFPTo8FLWGuz3BfySVLF%2B3K9RLYZ7ScArjKpqJA%3D - 200
[2023-06-12 09:38:24] HEAD /api/lfs/storage/projects/10673945/181210f8f9c779c26da1d9b2075bde0127302ee0e3fca38c9a83f5b1dd8e5d3b?Expires=1686563904&Signature=TemTRFPTo8FLWGuz3BfySVLF%2B3K9RLYZ7ScArjKpqJA%3D - 200
[2023-06-12 09:38:32] HEAD /api/lfs/storage/projects/10673945/1fc917c7ad66487470e466c0ad40ddd45b9f7730a4b43e1b2542627f0596bbdc?Expires=1686563912&Signature=Lpr7uzZlHX2ZzorSvhwKEaIOHxkZiyXHQxAaD9BoQR8%3D - 200
[2023-06-12 09:38:32] HEAD /api/lfs/storage/projects/10673945/1fc917c7ad66487470e466c0ad40ddd45b9f7730a4b43e1b2542627f0596bbdc?Expires=1686563912&Signature=Lpr7uzZlHX2ZzorSvhwKEaIOHxkZiyXHQxAaD9BoQR8%3D - 200
[2023-06-12 09:38:32] HEAD /api/lfs/storage/projects/10673945/1fc917c7ad66487470e466c0ad40ddd45b9f7730a4b43e1b2542627f0596bbdc?Expires=1686563912&Signature=Lpr7uzZlHX2ZzorSvhwKEaIOHxkZiyXHQxAaD9BoQR8%3D - 200
[2023-06-12 09:38:59] HEAD /api/lfs/storage/projects/10673945/181210f8f9c779c26da1d9b2075bde0127302ee0e3fca38c9a83f5b1dd8e5d3b?Expires=1686563939&Signature=ml39O%2Bqg%2BE6lCMs6IZaFGxecyAMZ7ZUYLua9DHtIzr4%3D - 200
[2023-06-12 09:38:59] HEAD /api/lfs/storage/projects/10673945/181210f8f9c779c26da1d9b2075bde0127302ee0e3fca38c9a83f5b1dd8e5d3b?Expires=1686563939&Signature=ml39O%2Bqg%2BE6lCMs6IZaFGxecyAMZ7ZUYLua9DHtIzr4%3D - 200
[2023-06-12 09:38:59] HEAD /api/lfs/storage/projects/10673945/181210f8f9c779c26da1d9b2075bde0127302ee0e3fca38c9a83f5b1dd8e5d3b?Expires=1686563939&Signature=ml39O%2Bqg%2BE6lCMs6IZaFGxecyAMZ7ZUYLua9DHtIzr4%3D - 200
[2023-06-12 09:42:43] HEAD /api/lfs/storage/projects/10673945/181210f8f9c779c26da1d9b2075bde0127302ee0e3fca38c9a83f5b1dd8e5d3b?Expires=1686564162&Signature=PLCiDB4I%2BQeyTzP74eW1%2BpWwwyDdvUh1O%2B2o5ZOsrwo%3D - 200
[2023-06-12 09:42:43] HEAD /api/lfs/storage/projects/10673945/181210f8f9c779c26da1d9b2075bde0127302ee0e3fca38c9a83f5b1dd8e5d3b?Expires=1686564163&Signature=3h2S0HIfx9YePqYBT%2FuqoIOVnrKZ49uiNgXhLBSqXVc%3D - 200
[2023-06-12 09:42:43] HEAD /api/lfs/storage/projects/10673945/181210f8f9c779c26da1d9b2075bde0127302ee0e3fca38c9a83f5b1dd8e5d3b?Expires=1686564163&Signature=3h2S0HIfx9YePqYBT%2FuqoIOVnrKZ49uiNgXhLBSqXVc%3D - 200
[2023-06-12 09:43:24] HEAD /api/lfs/storage/projects/10673945/181210f8f9c779c26da1d9b2075bde0127302ee0e3fca38c9a83f5b1dd8e5d3b?Expires=1686564204&Signature=6XWp%2BqbzlDCgnQc%2Bx2wRwY9jmZeBCzqZwYo5n%2FgYhUQ%3D - 200
[2023-06-12 09:43:24] HEAD /api/lfs/storage/projects/10673945/181210f8f9c779c26da1d9b2075bde0127302ee0e3fca38c9a83f5b1dd8e5d3b?Expires=1686564204&Signature=6XWp%2BqbzlDCgnQc%2Bx2wRwY9jmZeBCzqZwYo5n%2FgYhUQ%3D - 200
[2023-06-12 09:43:24] HEAD /api/lfs/storage/projects/10673945/181210f8f9c779c26da1d9b2075bde0127302ee0e3fca38c9a83f5b1dd8e5d3b?Expires=1686564204&Signature=6XWp%2BqbzlDCgnQc%2Bx2wRwY9jmZeBCzqZwYo5n%2FgYhUQ%3D - 200
[2023-06-12 09:49:09] HEAD /api/lfs/storage/projects/10673945/181210f8f9c779c26da1d9b2075bde0127302ee0e3fca38c9a83f5b1dd8e5d3b?Expires=1686564549&Signature=Nju8HzFu6W9dVae8KPa8FlsdlP7uR78IUvKzP9krfNQ%3D - 200
[2023-06-12 09:49:17] HEAD /api/lfs/storage/projects/10673945/181210f8f9c779c26da1d9b2075bde0127302ee0e3fca38c9a83f5b1dd8e5d3b?Expires=1686564557&Signature=e9X9KBBCCb0xWRHpmdJsu2llNKvv6q3eb8sZ9ODxa8w%3D - 200
[2023-06-12 09:49:17] HEAD /api/lfs/storage/projects/10673945/181210f8f9c779c26da1d9b2075bde0127302ee0e3fca38c9a83f5b1dd8e5d3b?Expires=1686564557&Signature=e9X9KBBCCb0xWRHpmdJsu2llNKvv6q3eb8sZ9ODxa8w%3D - 200
[2023-06-12 09:49:17] HEAD /api/lfs/storage/projects/10673945/181210f8f9c779c26da1d9b2075bde0127302ee0e3fca38c9a83f5b1dd8e5d3b?Expires=1686564557&Signature=e9X9KBBCCb0xWRHpmdJsu2llNKvv6q3eb